<?xml version="1.0" encoding="UTF-8"?>
<!-- Generated by org.testng.reporters.JUnitXMLReporter -->
<testsuite hostname="BDC6-DX-84FNX52" ignored="0" name="Command line test" tests="3" failures="3" timestamp="01 Oct 2019 03:52:38 GMT" time="0.049" errors="0">
  <testcase name="searchForHotels" time="0.0" classname="codoingRound.Tests">
    <failure type="org.testng.TestNGException" message="
Parameter &amp;apos;Url&amp;apos; is required by @Test on method searchForHotels but has not been marked @Optional or defined
">
      <![CDATA[org.testng.TestNGException: 
Parameter 'Url' is required by @Test on method searchForHotels but has not been marked @Optional or defined

... Removed 32 stack frames]]>
    </failure>
  </testcase> <!-- searchForHotels -->
  <testcase name="shouldThrowAnErrorIfSignInDetailsAreMissing" time="0.0" classname="codoingRound.Tests">
    <failure type="org.testng.TestNGException" message="
Parameter &amp;apos;Url&amp;apos; is required by @Test on method shouldThrowAnErrorIfSignInDetailsAreMissing but has not been marked @Optional or defined
">
      <![CDATA[org.testng.TestNGException: 
Parameter 'Url' is required by @Test on method shouldThrowAnErrorIfSignInDetailsAreMissing but has not been marked @Optional or defined

... Removed 32 stack frames]]>
    </failure>
  </testcase> <!-- shouldThrowAnErrorIfSignInDetailsAreMissing -->
  <testcase name="testFlightJourney" time="0.0" classname="codoingRound.Tests">
    <failure type="org.testng.TestNGException" message="
Parameter &amp;apos;Url&amp;apos; is required by @Test on method testFlightJourney but has not been marked @Optional or defined
">
      <![CDATA[org.testng.TestNGException: 
Parameter 'Url' is required by @Test on method testFlightJourney but has not been marked @Optional or defined

... Removed 32 stack frames]]>
    </failure>
  </testcase> <!-- testFlightJourney -->
</testsuite> <!-- Command line test -->
