<?xml version="1.0" encoding="UTF-8"?>
<!-- Generated by org.testng.reporters.JUnitXMLReporter -->
<testsuite hostname="BDC6-DX-84FNX52" ignored="0" name="Default test" tests="3" failures="1" timestamp="01 Oct 2019 06:06:31 GMT" time="68.968" errors="0">
  <testcase name="testFlightJourney" time="19.932" classname="codoingRound.Tests"/>
  <testcase name="searchForHotels" time="30.99" classname="codoingRound.Tests"/>
  <testcase name="shouldThrowAnErrorIfSignInDetailsAreMissing" time="0.0" classname="codoingRound.Tests">
    <failure type="org.testng.TestNGException" message="
Parameter &amp;apos;frameName&amp;apos; is required by @Test on method shouldThrowAnErrorIfSignInDetailsAreMissing but has not been marked @Optional or defined
in C:\Users\phavana.elangovan\AppData\Local\Temp\testng-eclipse-1155515662\testng-customsuite.xml">
      <![CDATA[org.testng.TestNGException: 
Parameter 'frameName' is required by @Test on method shouldThrowAnErrorIfSignInDetailsAreMissing but has not been marked @Optional or defined
in C:\Users\phavana.elangovan\AppData\Local\Temp\testng-eclipse-1155515662\testng-customsuite.xml
	at org.testng.internal.Parameters.createParameters(Parameters.java:199)
	at org.testng.internal.Parameters.createParameters(Parameters.java:443)
	at org.testng.internal.Parameters.handleParameters(Parameters.java:569)
	at org.testng.internal.Invoker.handleParameters(Invoker.java:1308)
	at org.testng.internal.Invoker.createParameters(Invoker.java:1036)
	at org.testng.internal.Invoker.invokeTestMethods(Invoker.java:1126)
	at org.testng.internal.TestMethodWorker.invokeTestMethods(TestMethodWorker.java:126)
	at org.testng.internal.TestMethodWorker.run(TestMethodWorker.java:109)
	at org.testng.TestRunner.privateRun(TestRunner.java:744)
	at org.testng.TestRunner.run(TestRunner.java:602)
	at org.testng.SuiteRunner.runTest(SuiteRunner.java:380)
	at org.testng.SuiteRunner.runSequentially(SuiteRunner.java:375)
	at org.testng.SuiteRunner.privateRun(SuiteRunner.java:340)
	at org.testng.SuiteRunner.run(SuiteRunner.java:289)
	at org.testng.SuiteRunnerWorker.runSuite(SuiteRunnerWorker.java:52)
	at org.testng.SuiteRunnerWorker.run(SuiteRunnerWorker.java:86)
	at org.testng.TestNG.runSuitesSequentially(TestNG.java:1301)
	at org.testng.TestNG.runSuitesLocally(TestNG.java:1226)
	at org.testng.TestNG.runSuites(TestNG.java:1144)
	at org.testng.TestNG.run(TestNG.java:1115)
	at org.testng.remote.AbstractRemoteTestNG.run(AbstractRemoteTestNG.java:114)
	at org.testng.remote.RemoteTestNG.initAndRun(RemoteTestNG.java:251)
	at org.testng.remote.RemoteTestNG.main(RemoteTestNG.java:77)
]]>
    </failure>
  </testcase> <!-- shouldThrowAnErrorIfSignInDetailsAreMissing -->
</testsuite> <!-- Default test -->
